<?xml version="1.0" encoding="UTF-8"?>
<!-- Generated by org.testng.reporters.JUnitReportReporter -->
<testsuite skipped="0" hostname="WPDev-Laptop-Arif" name="com.wpdev.ea.widgets.StaticProduct" tests="1" failures="0" timestamp="2020-12-30T14:31:42 BDT" time="22.462" errors="0">
  <testcase name="StaticProduct" time="22.462" classname="com.wpdev.ea.widgets.StaticProduct"/>
  <system-out/>
</testsuite> <!-- com.wpdev.ea.widgets.StaticProduct -->
