<?xml version="1.0" encoding="UTF-8"?>
<!-- Generated by org.testng.reporters.JUnitReportReporter -->
<testsuite hostname="DESKTOP-SAK4NET" failures="0" tests="1" name="com.wpdev.ea.widgets.CreativeButtons" time="10.176" errors="0" timestamp="2021-02-04T13:51:35 BDT" skipped="0">
  <testcase classname="com.wpdev.ea.widgets.CreativeButtons" name="CreativeButtons" time="10.176"/>
  <system-out/>
</testsuite> <!-- com.wpdev.ea.widgets.CreativeButtons -->
