<?xml version="1.0" encoding="UTF-8"?>
<!-- Generated by org.testng.reporters.JUnitReportReporter -->
<testsuite skipped="0" hostname="WPDev-Laptop-Arif" name="com.wpdev.ea.widgets.CallToAction" tests="1" failures="0" timestamp="2020-11-25T14:02:05 BDT" time="37.051" errors="0">
  <testcase name="PricingTable" time="37.051" classname="com.wpdev.ea.widgets.CallToAction"/>
  <system-out/>
</testsuite> <!-- com.wpdev.ea.widgets.CallToAction -->
