<?xml version="1.0" encoding="UTF-8"?>
<!-- Generated by org.testng.reporters.JUnitReportReporter -->
<testsuite skipped="0" hostname="WPDev-Laptop-Arif" name="com.wpdev.ea.widgets.InfoBox" tests="1" failures="0" timestamp="2021-01-21T14:56:28 BDT" time="42.850" errors="0">
  <testcase name="InfoBox" time="42.850" classname="com.wpdev.ea.widgets.InfoBox"/>
  <system-out/>
</testsuite> <!-- com.wpdev.ea.widgets.InfoBox -->
