<?xml version="1.0" encoding="UTF-8"?>
<!-- Generated by org.testng.reporters.JUnitReportReporter -->
<testsuite skipped="0" hostname="WPDev-Laptop-Arif" name="com.wpdev.ea.widgets.ProtectedContent" tests="1" failures="0" timestamp="2021-01-18T14:09:42 BDT" time="71.645" errors="0">
  <testcase name="ProtectedContent" time="71.645" classname="com.wpdev.ea.widgets.ProtectedContent"/>
  <system-out/>
</testsuite> <!-- com.wpdev.ea.widgets.ProtectedContent -->
