<?xml version="1.0" encoding="UTF-8"?>
<!-- Generated by org.testng.reporters.JUnitReportReporter -->
<testsuite skipped="0" hostname="WPDev-Laptop-Arif" name="com.wpdev.ea.widgets.DynamicGallery" tests="1" failures="0" timestamp="2020-11-24T10:23:48 BDT" time="29.285" errors="0">
  <testcase name="DynamicGallery" time="29.285" classname="com.wpdev.ea.widgets.DynamicGallery"/>
  <system-out/>
</testsuite> <!-- com.wpdev.ea.widgets.DynamicGallery -->
