<?xml version="1.0" encoding="UTF-8"?>
<!-- Generated by org.testng.reporters.JUnitReportReporter -->
<testsuite skipped="0" hostname="WPDev-Laptop-Arif" name="com.wpdev.ea.widgets.ProgressBar" tests="1" failures="0" timestamp="2021-01-18T14:08:08 BDT" time="38.602" errors="0">
  <testcase name="ProgressBar" time="38.602" classname="com.wpdev.ea.widgets.ProgressBar"/>
  <system-out/>
</testsuite> <!-- com.wpdev.ea.widgets.ProgressBar -->
