<?xml version="1.0" encoding="UTF-8"?>
<!-- Generated by org.testng.reporters.JUnitReportReporter -->
<testsuite skipped="0" hostname="WPDev-Laptop-Arif" name="com.wpdev.ea.widgets.PostBlock" tests="1" failures="0" timestamp="2021-01-18T10:17:57 BDT" time="48.887" errors="0">
  <testcase name="PostBlock" time="48.887" classname="com.wpdev.ea.widgets.PostBlock"/>
  <system-out/>
</testsuite> <!-- com.wpdev.ea.widgets.PostBlock -->
