<?xml version="1.0" encoding="UTF-8"?>
<!-- Generated by org.testng.reporters.JUnitReportReporter -->
<testsuite skipped="0" hostname="WPDev-Laptop-Arif" name="com.wpdev.ea.widgets.FeatureList" tests="1" failures="0" timestamp="2020-11-11T10:23:42 BDT" time="42.234" errors="0">
  <testcase name="FeatureList" time="42.234" classname="com.wpdev.ea.widgets.FeatureList"/>
  <system-out/>
</testsuite> <!-- com.wpdev.ea.widgets.FeatureList -->
