<?xml version="1.0" encoding="UTF-8"?>
<!-- Generated by org.testng.reporters.JUnitReportReporter -->
<testsuite skipped="0" hostname="WPDev-Laptop-Arif" name="com.wpdev.ea.widgets.TeamMember" tests="1" failures="0" timestamp="2021-01-18T14:24:15 BDT" time="36.851" errors="0">
  <testcase name="TeamMember" time="36.851" classname="com.wpdev.ea.widgets.TeamMember"/>
  <system-out/>
</testsuite> <!-- com.wpdev.ea.widgets.TeamMember -->
