<?xml version="1.0" encoding="UTF-8"?>
<!-- Generated by org.testng.reporters.JUnitReportReporter -->
<testsuite skipped="0" hostname="WPDev-Laptop-Arif" name="com.wpdev.ea.widgets.CreativeButtons" tests="1" failures="0" timestamp="2020-12-30T14:31:42 BDT" time="17.363" errors="0">
  <testcase name="CreativeButtons" time="17.363" classname="com.wpdev.ea.widgets.CreativeButtons"/>
  <system-out/>
</testsuite> <!-- com.wpdev.ea.widgets.CreativeButtons -->
