<?xml version="1.0" encoding="UTF-8"?>
<!-- Generated by org.testng.reporters.JUnitReportReporter -->
<testsuite hostname="DESKTOP-SAK4NET" failures="0" tests="1" name="com.wpdev.ea.widgets.DualColorHeading" time="33.118" errors="0" timestamp="2021-02-03T18:49:04 BDT" skipped="0">
  <testcase classname="com.wpdev.ea.widgets.DualColorHeading" name="DualColorHeading" time="33.118"/>
  <system-out/>
</testsuite> <!-- com.wpdev.ea.widgets.DualColorHeading -->
