<?xml version="1.0" encoding="UTF-8"?>
<!-- Generated by org.testng.reporters.JUnitReportReporter -->
<testsuite skipped="0" hostname="WPDev-Laptop-Arif" name="com.wpdev.ea.widgets.AdvancedAccordion" tests="1" failures="0" timestamp="2021-01-18T07:50:55 BDT" time="48.929" errors="0">
  <testcase name="AdvancedAccordion" time="48.929" classname="com.wpdev.ea.widgets.AdvancedAccordion"/>
  <system-out/>
</testsuite> <!-- com.wpdev.ea.widgets.AdvancedAccordion -->
