<?xml version="1.0" encoding="UTF-8"?>
<!-- Generated by org.testng.reporters.JUnitReportReporter -->
<testsuite hostname="DESKTOP-SAK4NET" failures="0" tests="1" name="com.wpdev.ea.widgets.InfoBox" time="26.316" errors="0" timestamp="2021-02-03T19:07:48 BDT" skipped="0">
  <testcase classname="com.wpdev.ea.widgets.InfoBox" name="InfoBox" time="26.316"/>
  <system-out/>
</testsuite> <!-- com.wpdev.ea.widgets.InfoBox -->
