<?xml version="1.0" encoding="UTF-8"?>
<!-- Generated by org.testng.reporters.JUnitReportReporter -->
<testsuite skipped="0" hostname="WPDev-Laptop-Arif" name="com.wpdev.ea.widgets.InteractiveCards" tests="1" failures="0" timestamp="2020-11-26T11:35:49 BDT" time="36.455" errors="0">
  <testcase name="InteractiveCard" time="36.455" classname="com.wpdev.ea.widgets.InteractiveCards"/>
  <system-out/>
</testsuite> <!-- com.wpdev.ea.widgets.InteractiveCards -->
