<?xml version="1.0" encoding="UTF-8"?>
<!-- Generated by org.testng.reporters.JUnitReportReporter -->
<testsuite skipped="0" hostname="WPDev-Laptop-Arif" name="com.wpdev.ea.widgets.TeamMemberCarousel" tests="1" failures="0" timestamp="2020-10-28T10:19:06 BDT" time="28.380" errors="0">
  <testcase name="TeamMemberCarousel" time="28.380" classname="com.wpdev.ea.widgets.TeamMemberCarousel"/>
  <system-out/>
</testsuite> <!-- com.wpdev.ea.widgets.TeamMemberCarousel -->
