<?xml version="1.0" encoding="UTF-8"?>
<!-- Generated by org.testng.reporters.JUnitReportReporter -->
<testsuite skipped="0" hostname="WPDev-Laptop-Arif" name="com.wpdev.ea.widgets.ProductCollections" tests="1" failures="0" timestamp="2021-01-18T14:05:33 BDT" time="52.792" errors="0">
  <testcase name="ProductCollections" time="52.792" classname="com.wpdev.ea.widgets.ProductCollections"/>
  <system-out/>
</testsuite> <!-- com.wpdev.ea.widgets.ProductCollections -->
