<?xml version="1.0" encoding="UTF-8"?>
<!-- Generated by org.testng.reporters.JUnitReportReporter -->
<testsuite skipped="0" hostname="WPDev-Laptop-Arif" name="com.wpdev.ea.widgets.ContentTimeline" tests="1" failures="0" timestamp="2020-11-23T14:50:16 BDT" time="52.403" errors="0">
  <testcase name="DataTable" time="52.403" classname="com.wpdev.ea.widgets.ContentTimeline"/>
  <system-out/>
</testsuite> <!-- com.wpdev.ea.widgets.ContentTimeline -->
