<?xml version="1.0" encoding="UTF-8"?>
<!-- Generated by org.testng.reporters.JUnitReportReporter -->
<testsuite hostname="WPDev-Laptop-Arif" failures="0" tests="1" name="com.wpdev.ea.widgets.AdvancedDataTable" time="32.025" errors="0" timestamp="2021-03-03T12:24:30 BDT" skipped="0">
  <testcase classname="com.wpdev.ea.widgets.AdvancedDataTable" name="AdvancedDataTable" time="32.025"/>
  <system-out/>
</testsuite> <!-- com.wpdev.ea.widgets.AdvancedDataTable -->
