<?xml version="1.0" encoding="UTF-8"?>
<!-- Generated by org.testng.reporters.JUnitReportReporter -->
<testsuite skipped="0" hostname="WPDev-Laptop-Arif" name="com.wpdev.ea.widgets.InteractivePromo" tests="1" failures="0" timestamp="2020-11-26T10:29:36 BDT" time="29.236" errors="0">
  <testcase name="InteractivePromo" time="29.236" classname="com.wpdev.ea.widgets.InteractivePromo"/>
  <system-out/>
</testsuite> <!-- com.wpdev.ea.widgets.InteractivePromo -->
