<?xml version="1.0" encoding="UTF-8"?>
<!-- Generated by org.testng.reporters.JUnitReportReporter -->
<testsuite hostname="WPDev-Laptop-Arif" failures="0" tests="1" name="com.wpdev.ea.widgets.AdvancedAccordion" time="70.853" errors="0" timestamp="2021-03-07T11:07:19 BDT" skipped="0">
  <testcase classname="com.wpdev.ea.widgets.AdvancedAccordion" name="AdvancedAccordion" time="70.853"/>
  <system-out/>
</testsuite> <!-- com.wpdev.ea.widgets.AdvancedAccordion -->
