<?xml version="1.0" encoding="UTF-8"?>
<!-- Generated by org.testng.reporters.JUnitReportReporter -->
<testsuite skipped="0" hostname="WPDev-Laptop-Arif" name="com.wpdev.ea.widgets.OnePageNav" tests="1" failures="0" timestamp="2021-01-18T10:05:34 BDT" time="45.416" errors="0">
  <testcase name="OnePageNav" time="45.416" classname="com.wpdev.ea.widgets.OnePageNav"/>
  <system-out/>
</testsuite> <!-- com.wpdev.ea.widgets.OnePageNav -->
