<?xml version="1.0" encoding="UTF-8"?>
<!-- Generated by org.testng.reporters.JUnitReportReporter -->
<testsuite skipped="0" hostname="WPDev-Laptop-Arif" name="com.wpdev.ea.widgets.DataTable" tests="1" failures="0" timestamp="2021-01-18T08:06:52 BDT" time="51.481" errors="0">
  <testcase name="DataTable" time="51.481" classname="com.wpdev.ea.widgets.DataTable"/>
  <system-out/>
</testsuite> <!-- com.wpdev.ea.widgets.DataTable -->
