<?xml version="1.0" encoding="UTF-8"?>
<!-- Generated by org.testng.reporters.JUnitReportReporter -->
<testsuite skipped="0" hostname="WPDev-Laptop-Arif" name="com.wpdev.ea.widgets.WPForms" tests="1" failures="0" timestamp="2021-01-21T08:31:45 BDT" time="51.337" errors="0">
  <testcase name="WPForms" time="51.337" classname="com.wpdev.ea.widgets.WPForms"/>
  <system-out/>
</testsuite> <!-- com.wpdev.ea.widgets.WPForms -->
