<?xml version="1.0" encoding="UTF-8"?>
<!-- Generated by org.testng.reporters.JUnitReportReporter -->
<testsuite skipped="0" hostname="WPDev-Laptop-Arif" name="com.wpdev.ea.widgets.InteractivePromo" tests="1" failures="0" timestamp="2021-01-18T09:30:50 BDT" time="28.613" errors="0">
  <testcase name="InteractivePromo" time="28.613" classname="com.wpdev.ea.widgets.InteractivePromo"/>
  <system-out/>
</testsuite> <!-- com.wpdev.ea.widgets.InteractivePromo -->
