<?xml version="1.0" encoding="UTF-8"?>
<!-- Generated by org.testng.reporters.JUnitReportReporter -->
<testsuite skipped="0" hostname="WPDev-Laptop-Arif" name="com.wpdev.ea.widgets.ProtectedContent" tests="1" failures="0" timestamp="2020-12-30T14:31:42 BDT" time="48.728" errors="0">
  <testcase name="ProtectedContent" time="48.728" classname="com.wpdev.ea.widgets.ProtectedContent"/>
  <system-out/>
</testsuite> <!-- com.wpdev.ea.widgets.ProtectedContent -->
