<?xml version="1.0" encoding="UTF-8"?>
<!-- Generated by org.testng.reporters.JUnitReportReporter -->
<testsuite skipped="0" hostname="WPDev-Laptop-Arif" name="com.wpdev.ea.widgets.AdvancedMenu" tests="1" failures="0" timestamp="2021-01-18T07:54:50 BDT" time="43.435" errors="0">
  <testcase name="AdvancedMenu" time="43.435" classname="com.wpdev.ea.widgets.AdvancedMenu"/>
  <system-out/>
</testsuite> <!-- com.wpdev.ea.widgets.AdvancedMenu -->
