<?xml version="1.0" encoding="UTF-8"?>
<!-- Generated by org.testng.reporters.JUnitReportReporter -->
<testsuite skipped="0" hostname="WPDev-Laptop-Arif" name="com.wpdev.ea.widgets.DualColorHeading" tests="1" failures="0" timestamp="2021-01-18T08:11:39 BDT" time="42.198" errors="0">
  <testcase name="DualColorHeading" time="42.198" classname="com.wpdev.ea.widgets.DualColorHeading"/>
  <system-out/>
</testsuite> <!-- com.wpdev.ea.widgets.DualColorHeading -->
