<?xml version="1.0" encoding="UTF-8"?>
<!-- Generated by org.testng.reporters.JUnitReportReporter -->
<testsuite skipped="0" hostname="WPDev-Laptop-Arif" name="com.wpdev.ea.widgets.AdvancedDataTable" tests="1" failures="0" timestamp="2020-12-30T17:13:05 BDT" time="37.780" errors="0">
  <testcase name="AdvancedDataTable" time="37.780" classname="com.wpdev.ea.widgets.AdvancedDataTable"/>
  <system-out/>
</testsuite> <!-- com.wpdev.ea.widgets.AdvancedDataTable -->
