<?xml version="1.0" encoding="UTF-8"?>
<!-- Generated by org.testng.reporters.JUnitReportReporter -->
<testsuite hostname="WPDev-Laptop-Arif" failures="0" tests="1" name="com.wpdev.ea.widgets.ProgressBar" time="24.739" errors="0" timestamp="2021-03-03T12:26:37 BDT" skipped="0">
  <testcase classname="com.wpdev.ea.widgets.ProgressBar" name="ProgressBar" time="24.739"/>
  <system-out/>
</testsuite> <!-- com.wpdev.ea.widgets.ProgressBar -->
