<?xml version="1.0" encoding="UTF-8"?>
<!-- Generated by org.testng.reporters.JUnitReportReporter -->
<testsuite skipped="0" hostname="WPDev-Laptop-Arif" name="com.wpdev.ea.widgets.CreativeButtons" tests="1" failures="0" timestamp="2021-01-18T08:05:40 BDT" time="42.418" errors="0">
  <testcase name="CreativeButtons" time="42.418" classname="com.wpdev.ea.widgets.CreativeButtons"/>
  <system-out/>
</testsuite> <!-- com.wpdev.ea.widgets.CreativeButtons -->
