<?xml version="1.0" encoding="UTF-8"?>
<!-- Generated by org.testng.reporters.JUnitReportReporter -->
<testsuite skipped="0" hostname="WPDev-Laptop-Arif" name="com.wpdev.ea.widgets.SmartPostList" tests="1" failures="0" timestamp="2020-11-23T10:55:33 BDT" time="42.268" errors="0">
  <testcase name="SmartPostList" time="42.268" classname="com.wpdev.ea.widgets.SmartPostList"/>
  <system-out/>
</testsuite> <!-- com.wpdev.ea.widgets.SmartPostList -->
