<?xml version="1.0" encoding="UTF-8"?>
<!-- Generated by org.testng.reporters.JUnitReportReporter -->
<testsuite skipped="0" hostname="WPDev-Laptop-Arif" name="com.wpdev.ea.widgets.FlipBox" tests="1" failures="0" timestamp="2020-10-26T15:59:18 BDT" time="44.891" errors="0">
  <testcase name="FlipBox" time="44.891" classname="com.wpdev.ea.widgets.FlipBox"/>
  <system-out/>
</testsuite> <!-- com.wpdev.ea.widgets.FlipBox -->
