<?xml version="1.0" encoding="UTF-8"?>
<!-- Generated by org.testng.reporters.JUnitReportReporter -->
<testsuite skipped="0" hostname="WPDev-Laptop-Arif" name="com.wpdev.ea.widgets.OnePageNav" tests="1" failures="0" timestamp="2021-01-21T08:07:19 BDT" time="51.658" errors="0">
  <testcase name="OnePageNav" time="51.658" classname="com.wpdev.ea.widgets.OnePageNav"/>
  <system-out/>
</testsuite> <!-- com.wpdev.ea.widgets.OnePageNav -->
