<?xml version="1.0" encoding="UTF-8"?>
<!-- Generated by org.testng.reporters.JUnitReportReporter -->
<testsuite skipped="0" hostname="WPDev-Laptop-Arif" name="com.wpdev.ea.widgets.PostGrid" tests="1" failures="0" timestamp="2021-01-18T10:19:54 BDT" time="52.100" errors="0">
  <testcase name="PostGrid" time="52.100" classname="com.wpdev.ea.widgets.PostGrid"/>
  <system-out/>
</testsuite> <!-- com.wpdev.ea.widgets.PostGrid -->
