<?xml version="1.0" encoding="UTF-8"?>
<!-- Generated by org.testng.reporters.JUnitReportReporter -->
<testsuite hostname="WPDev-Laptop-Arif" failures="0" tests="1" name="com.wpdev.ea.widgets.CallToAction" time="31.425" errors="0" timestamp="2021-03-02T15:42:39 BDT" skipped="0">
  <testcase classname="com.wpdev.ea.widgets.CallToAction" name="CallToAction" time="31.425"/>
  <system-out/>
</testsuite> <!-- com.wpdev.ea.widgets.CallToAction -->
