<?xml version="1.0" encoding="UTF-8"?>
<!-- Generated by org.testng.reporters.JUnitReportReporter -->
<testsuite hostname="WPDev-Laptop-Arif" failures="0" tests="1" name="com.wpdev.ea.widgets.Toogle" time="27.218" errors="0" timestamp="2021-06-08T16:26:36 BDT" skipped="0">
  <testcase classname="com.wpdev.ea.widgets.Toogle" name="ContentToggle" time="27.218"/>
  <system-out/>
</testsuite> <!-- com.wpdev.ea.widgets.Toogle -->
