<?xml version="1.0" encoding="UTF-8"?>
<!-- Generated by org.testng.reporters.JUnitReportReporter -->
<testsuite skipped="0" hostname="WPDev-Laptop-Arif" name="com.wpdev.ea.widgets.StaticProduct" tests="1" failures="0" timestamp="2020-10-28T09:32:28 BDT" time="82.502" errors="0">
  <testcase name="StaticProduct" time="82.502" classname="com.wpdev.ea.widgets.StaticProduct"/>
  <system-out/>
</testsuite> <!-- com.wpdev.ea.widgets.StaticProduct -->
