<?xml version="1.0" encoding="UTF-8"?>
<!-- Generated by org.testng.reporters.JUnitReportReporter -->
<testsuite skipped="0" hostname="WPDev-Laptop-Arif" name="com.wpdev.ea.widgets.BrtDocsCatBox" tests="1" failures="0" timestamp="2021-01-21T14:56:28 BDT" time="61.878" errors="0">
  <testcase name="BrtDocsCatBox" time="61.878" classname="com.wpdev.ea.widgets.BrtDocsCatBox"/>
  <system-out/>
</testsuite> <!-- com.wpdev.ea.widgets.BrtDocsCatBox -->
