<?xml version="1.0" encoding="UTF-8"?>
<!-- Generated by org.testng.reporters.JUnitReportReporter -->
<testsuite hostname="WPDev-Laptop-Arif" failures="0" tests="1" name="com.wpdev.ea.widgets.PostBlock" time="58.004" errors="0" timestamp="2021-03-04T15:57:28 BDT" skipped="0">
  <testcase classname="com.wpdev.ea.widgets.PostBlock" name="PostBlock" time="58.004"/>
  <system-out/>
</testsuite> <!-- com.wpdev.ea.widgets.PostBlock -->
