<?xml version="1.0" encoding="UTF-8"?>
<!-- Generated by org.testng.reporters.JUnitReportReporter -->
<testsuite hostname="DESKTOP-SAK4NET" failures="0" tests="1" name="com.wpdev.ea.widgets.CallToAction" time="30.509" errors="0" timestamp="2021-02-03T18:15:56 BDT" skipped="0">
  <testcase classname="com.wpdev.ea.widgets.CallToAction" name="CallToAction" time="30.509"/>
  <system-out/>
</testsuite> <!-- com.wpdev.ea.widgets.CallToAction -->
