<?xml version="1.0" encoding="UTF-8"?>
<!-- Generated by org.testng.reporters.JUnitReportReporter -->
<testsuite skipped="0" hostname="WPDev-Laptop-Arif" name="com.wpdev.ea.widgets.DualColorHeading" tests="1" failures="0" timestamp="2020-10-29T14:30:37 BDT" time="27.232" errors="0">
  <testcase name="DualColorHeading" time="27.232" classname="com.wpdev.ea.widgets.DualColorHeading"/>
  <system-out/>
</testsuite> <!-- com.wpdev.ea.widgets.DualColorHeading -->
