<?xml version="1.0" encoding="UTF-8"?>
<!-- Generated by org.testng.reporters.JUnitReportReporter -->
<testsuite hostname="WPDev-Laptop-Arif" failures="0" tests="1" name="com.wpdev.ea.widgets.DynamicGallery" time="38.178" errors="0" timestamp="2021-03-07T17:47:28 BDT" skipped="0">
  <testcase classname="com.wpdev.ea.widgets.DynamicGallery" name="DynamicGallery" time="38.178"/>
  <system-out/>
</testsuite> <!-- com.wpdev.ea.widgets.DynamicGallery -->
