<?xml version="1.0" encoding="UTF-8"?>
<!-- Generated by org.testng.reporters.JUnitReportReporter -->
<testsuite skipped="0" hostname="WPDev-Laptop-Arif" name="com.wpdev.ea.widgets.NinjaForms" tests="1" failures="0" timestamp="2021-01-21T09:02:02 BDT" time="53.378" errors="0">
  <testcase name="NinjaForms" time="53.378" classname="com.wpdev.ea.widgets.NinjaForms"/>
  <system-out/>
</testsuite> <!-- com.wpdev.ea.widgets.NinjaForms -->
