<?xml version="1.0" encoding="UTF-8"?>
<!-- Generated by org.testng.reporters.JUnitReportReporter -->
<testsuite skipped="0" hostname="WPDev-Laptop-Arif" name="com.wpdev.ea.widgets.InfoBox" tests="1" failures="0" timestamp="2020-10-29T14:30:37 BDT" time="23.628" errors="0">
  <testcase name="InfoBox" time="23.628" classname="com.wpdev.ea.widgets.InfoBox"/>
  <system-out/>
</testsuite> <!-- com.wpdev.ea.widgets.InfoBox -->
