<?xml version="1.0" encoding="UTF-8"?>
<!-- Generated by org.testng.reporters.JUnitReportReporter -->
<testsuite skipped="0" hostname="WPDev-Laptop-Arif" name="com.wpdev.ea.widgets.WooCheckout" tests="1" failures="0" timestamp="2020-12-08T15:25:51 BDT" time="33.957" errors="0">
  <testcase name="WooCheckout" time="33.957" classname="com.wpdev.ea.widgets.WooCheckout"/>
  <system-out/>
</testsuite> <!-- com.wpdev.ea.widgets.WooCheckout -->
