<?xml version="1.0" encoding="UTF-8"?>
<!-- Generated by org.testng.reporters.JUnitReportReporter -->
<testsuite hostname="DESKTOP-SAK4NET" failures="0" tests="1" name="com.wpdev.ea.widgets.FeatureList" time="22.830" errors="0" timestamp="2021-02-03T18:57:33 BDT" skipped="0">
  <testcase classname="com.wpdev.ea.widgets.FeatureList" name="FeatureList" time="22.830"/>
  <system-out/>
</testsuite> <!-- com.wpdev.ea.widgets.FeatureList -->
