<?xml version="1.0" encoding="UTF-8"?>
<!-- Generated by org.testng.reporters.JUnitReportReporter -->
<testsuite hostname="DESKTOP-SAK4NET" failures="0" tests="1" name="com.wpdev.ea.widgets.PostGrid" time="36.914" errors="0" timestamp="2021-02-04T13:51:35 BDT" skipped="0">
  <testcase classname="com.wpdev.ea.widgets.PostGrid" name="PostGrid" time="36.914"/>
  <system-out/>
</testsuite> <!-- com.wpdev.ea.widgets.PostGrid -->
