<?xml version="1.0" encoding="UTF-8"?>
<!-- Generated by org.testng.reporters.JUnitReportReporter -->
<testsuite skipped="0" hostname="WPDev-Laptop-Arif" name="com.wpdev.ea.widgets.ContentToogle" tests="1" failures="0" timestamp="2020-11-05T14:29:26 BDT" time="19.787" errors="0">
  <testcase name="ContentToggle" time="19.787" classname="com.wpdev.ea.widgets.ContentToogle"/>
  <system-out/>
</testsuite> <!-- com.wpdev.ea.widgets.ContentToogle -->
