<?xml version="1.0" encoding="UTF-8"?>
<!-- Generated by org.testng.reporters.JUnitReportReporter -->
<testsuite skipped="0" hostname="WPDev-Laptop-Arif" name="com.wpdev.ea.widgets.AdvancedDataTable" tests="1" failures="0" timestamp="2021-01-18T07:52:08 BDT" time="45.452" errors="0">
  <testcase name="AdvancedDataTable" time="45.452" classname="com.wpdev.ea.widgets.AdvancedDataTable"/>
  <system-out/>
</testsuite> <!-- com.wpdev.ea.widgets.AdvancedDataTable -->
