<?xml version="1.0" encoding="UTF-8"?>
<!-- Generated by org.testng.reporters.JUnitReportReporter -->
<testsuite skipped="0" hostname="WPDev-Laptop-Arif" name="com.wpdev.ea.widgets.Toogle" tests="1" failures="0" timestamp="2020-11-11T09:44:21 BDT" time="26.341" errors="0">
  <testcase name="ContentToggle" time="26.341" classname="com.wpdev.ea.widgets.Toogle"/>
  <system-out/>
</testsuite> <!-- com.wpdev.ea.widgets.Toogle -->
