<?xml version="1.0" encoding="UTF-8"?>
<!-- Generated by org.testng.reporters.JUnitReportReporter -->
<testsuite skipped="0" hostname="WPDev-Laptop-Arif" name="com.wpdev.ea.widgets.ProductGrid" tests="1" failures="0" timestamp="2021-01-18T14:06:59 BDT" time="36.755" errors="0">
  <testcase name="ProductGrid" time="36.755" classname="com.wpdev.ea.widgets.ProductGrid"/>
  <system-out/>
</testsuite> <!-- com.wpdev.ea.widgets.ProductGrid -->
