<?xml version="1.0" encoding="UTF-8"?>
<!-- Generated by org.testng.reporters.JUnitReportReporter -->
<testsuite skipped="0" hostname="WPDev-Laptop-Arif" name="com.wpdev.ea.widgets.InteractiveCards" tests="1" failures="0" timestamp="2021-01-18T09:20:35 BDT" time="46.298" errors="0">
  <testcase name="InteractiveCard" time="46.298" classname="com.wpdev.ea.widgets.InteractiveCards"/>
  <system-out/>
</testsuite> <!-- com.wpdev.ea.widgets.InteractiveCards -->
