<?xml version="1.0" encoding="UTF-8"?>
<!-- Generated by org.testng.reporters.JUnitReportReporter -->
<testsuite skipped="0" hostname="WPDev-Laptop-Arif" name="com.wpdev.ea.widgets.CallToAction" tests="1" failures="0" timestamp="2021-01-18T08:01:34 BDT" time="37.035" errors="0">
  <testcase name="PricingTable" time="37.035" classname="com.wpdev.ea.widgets.CallToAction"/>
  <system-out/>
</testsuite> <!-- com.wpdev.ea.widgets.CallToAction -->
