<?xml version="1.0" encoding="UTF-8"?>
<!-- Generated by org.testng.reporters.JUnitReportReporter -->
<testsuite skipped="0" hostname="WPDev-Laptop-Arif" name="com.wpdev.ea.widgets.ProductGrid" tests="1" failures="0" timestamp="2020-12-08T10:39:49 BDT" time="28.914" errors="0">
  <testcase name="ProductGrid" time="28.914" classname="com.wpdev.ea.widgets.ProductGrid"/>
  <system-out/>
</testsuite> <!-- com.wpdev.ea.widgets.ProductGrid -->
