<?xml version="1.0" encoding="UTF-8"?>
<!-- Generated by org.testng.reporters.JUnitReportReporter -->
<testsuite hostname="WPDev-Laptop-Arif" failures="0" tests="1" name="com.wpdev.ea.widgets.Counter" time="55.657" errors="0" timestamp="2021-03-07T17:49:01 BDT" skipped="0">
  <testcase classname="com.wpdev.ea.widgets.Counter" name="Counter" time="55.657"/>
  <system-out/>
</testsuite> <!-- com.wpdev.ea.widgets.Counter -->
