<?xml version="1.0" encoding="UTF-8"?>
<!-- Generated by org.testng.reporters.JUnitReportReporter -->
<testsuite hostname="DESKTOP-SAK4NET" failures="0" tests="1" name="com.wpdev.ea.widgets.InfoBox" time="19.624" errors="0" timestamp="2021-02-04T13:51:35 BDT" skipped="0">
  <testcase classname="com.wpdev.ea.widgets.InfoBox" name="InfoBox" time="19.624"/>
  <system-out/>
</testsuite> <!-- com.wpdev.ea.widgets.InfoBox -->
