<?xml version="1.0" encoding="UTF-8"?>
<!-- Generated by org.testng.reporters.JUnitReportReporter -->
<testsuite skipped="0" hostname="WPDev-Laptop-Arif" name="com.wpdev.ea.widgets.CreativeButtons" tests="1" failures="0" timestamp="2020-10-29T14:30:37 BDT" time="24.673" errors="0">
  <testcase name="CreativeButtons" time="24.673" classname="com.wpdev.ea.widgets.CreativeButtons"/>
  <system-out/>
</testsuite> <!-- com.wpdev.ea.widgets.CreativeButtons -->
