<?xml version="1.0" encoding="UTF-8"?>
<!-- Generated by org.testng.reporters.JUnitReportReporter -->
<testsuite skipped="0" hostname="WPDev-Laptop-Arif" name="com.wpdev.ea.widgets.PriceMenu" tests="1" failures="0" timestamp="2020-11-26T09:32:10 BDT" time="29.422" errors="0">
  <testcase name="PriceMenu" time="29.422" classname="com.wpdev.ea.widgets.PriceMenu"/>
  <system-out/>
</testsuite> <!-- com.wpdev.ea.widgets.PriceMenu -->
