<?xml version="1.0" encoding="UTF-8"?>
<!-- Generated by org.testng.reporters.JUnitReportReporter -->
<testsuite skipped="0" hostname="WPDev-Laptop-Arif" name="com.wpdev.ea.widgets.Toogle" tests="1" failures="0" timestamp="2021-01-18T14:25:09 BDT" time="37.351" errors="0">
  <testcase name="ContentToggle" time="37.351" classname="com.wpdev.ea.widgets.Toogle"/>
  <system-out/>
</testsuite> <!-- com.wpdev.ea.widgets.Toogle -->
