<?xml version="1.0" encoding="UTF-8"?>
<!-- Generated by org.testng.reporters.JUnitReportReporter -->
<testsuite skipped="0" hostname="WPDev-Laptop-Arif" name="com.wpdev.ea.widgets.FeatureList" tests="1" failures="0" timestamp="2021-01-18T09:14:07 BDT" time="36.631" errors="0">
  <testcase name="FeatureList" time="36.631" classname="com.wpdev.ea.widgets.FeatureList"/>
  <system-out/>
</testsuite> <!-- com.wpdev.ea.widgets.FeatureList -->
