<?xml version="1.0" encoding="UTF-8"?>
<!-- Generated by org.testng.reporters.JUnitReportReporter -->
<testsuite hostname="DESKTOP-SAK4NET" failures="0" tests="1" name="com.wpdev.ea.widgets.AdvancedAccordion" time="32.203" errors="0" timestamp="2021-02-03T17:54:06 BDT" skipped="0">
  <testcase classname="com.wpdev.ea.widgets.AdvancedAccordion" name="AdvancedAccordion" time="32.203"/>
  <system-out/>
</testsuite> <!-- com.wpdev.ea.widgets.AdvancedAccordion -->
