<?xml version="1.0" encoding="UTF-8"?>
<!-- Generated by org.testng.reporters.JUnitReportReporter -->
<testsuite skipped="0" hostname="WPDev-Laptop-Arif" name="com.wpdev.ea.widgets.ProgressBar" tests="1" failures="0" timestamp="2020-12-30T14:31:42 BDT" time="27.767" errors="0">
  <testcase name="ProgressBar" time="27.767" classname="com.wpdev.ea.widgets.ProgressBar"/>
  <system-out/>
</testsuite> <!-- com.wpdev.ea.widgets.ProgressBar -->
