<?xml version="1.0" encoding="UTF-8"?>
<!-- Generated by org.testng.reporters.JUnitReportReporter -->
<testsuite hostname="WPDev-Laptop-Arif" failures="0" tests="1" name="com.wpdev.ea.widgets.ProtectedContent" time="69.710" errors="0" timestamp="2021-03-04T15:53:12 BDT" skipped="0">
  <testcase classname="com.wpdev.ea.widgets.ProtectedContent" name="ProtectedContent" time="69.710"/>
  <system-out/>
</testsuite> <!-- com.wpdev.ea.widgets.ProtectedContent -->
