<?xml version="1.0" encoding="UTF-8"?>
<!-- Generated by org.testng.reporters.JUnitReportReporter -->
<testsuite skipped="0" hostname="WPDev-Laptop-Arif" name="com.wpdev.ea.widgets.DualColorHeading" tests="1" failures="0" timestamp="2020-12-30T14:31:42 BDT" time="24.514" errors="0">
  <testcase name="DualColorHeading" time="24.514" classname="com.wpdev.ea.widgets.DualColorHeading"/>
  <system-out/>
</testsuite> <!-- com.wpdev.ea.widgets.DualColorHeading -->
