<?xml version="1.0" encoding="UTF-8"?>
<!-- Generated by org.testng.reporters.JUnitReportReporter -->
<testsuite hostname="DESKTOP-SAK4NET" failures="0" tests="1" name="com.wpdev.ea.widgets.AdvancedDataTable" time="40.947" errors="0" timestamp="2021-02-03T17:59:02 BDT" skipped="0">
  <testcase classname="com.wpdev.ea.widgets.AdvancedDataTable" name="AdvancedDataTable" time="40.947"/>
  <system-out/>
</testsuite> <!-- com.wpdev.ea.widgets.AdvancedDataTable -->
