<?xml version="1.0" encoding="UTF-8"?>
<!-- Generated by org.testng.reporters.JUnitReportReporter -->
<testsuite skipped="0" hostname="WPDev-Laptop-Arif" name="com.wpdev.ea.widgets.ContentTimeline" tests="1" failures="0" timestamp="2021-01-18T08:02:29 BDT" time="39.507" errors="0">
  <testcase name="ContentTimeline" time="39.507" classname="com.wpdev.ea.widgets.ContentTimeline"/>
  <system-out/>
</testsuite> <!-- com.wpdev.ea.widgets.ContentTimeline -->
