<?xml version="1.0" encoding="UTF-8"?>
<!-- Generated by org.testng.reporters.JUnitReportReporter -->
<testsuite skipped="0" hostname="WPDev-Laptop-Arif" name="com.wpdev.ea.widgets.StaticProduct" tests="1" failures="0" timestamp="2021-01-18T14:15:42 BDT" time="35.493" errors="0">
  <testcase name="StaticProduct" time="35.493" classname="com.wpdev.ea.widgets.StaticProduct"/>
  <system-out/>
</testsuite> <!-- com.wpdev.ea.widgets.StaticProduct -->
