<?xml version="1.0" encoding="UTF-8"?>
<!-- Generated by org.testng.reporters.JUnitReportReporter -->
<testsuite skipped="0" hostname="WPDev-Laptop-Arif" name="com.wpdev.ea.widgets.AdvancedMenu" tests="1" failures="0" timestamp="2020-11-11T11:40:47 BDT" time="32.444" errors="0">
  <testcase name="AdvancedMenu" time="32.444" classname="com.wpdev.ea.widgets.AdvancedMenu"/>
  <system-out/>
</testsuite> <!-- com.wpdev.ea.widgets.AdvancedMenu -->
