<?xml version="1.0" encoding="UTF-8"?>
<!-- Generated by org.testng.reporters.JUnitReportReporter -->
<testsuite skipped="0" hostname="WPDev-Laptop-Arif" name="com.wpdev.ea.widgets.ProtectedContent" tests="1" failures="0" timestamp="2020-11-03T08:29:07 BDT" time="67.553" errors="0">
  <testcase name="ProtectedContent" time="67.553" classname="com.wpdev.ea.widgets.ProtectedContent"/>
  <system-out/>
</testsuite> <!-- com.wpdev.ea.widgets.ProtectedContent -->
