<?xml version="1.0" encoding="UTF-8"?>
<!-- Generated by org.testng.reporters.JUnitReportReporter -->
<testsuite skipped="0" hostname="WPDev-Laptop-Arif" name="com.wpdev.ea.widgets.PostGrid" tests="1" failures="0" timestamp="2020-11-23T13:04:41 BDT" time="50.607" errors="0">
  <testcase name="PostGrid" time="50.607" classname="com.wpdev.ea.widgets.PostGrid"/>
  <system-out/>
</testsuite> <!-- com.wpdev.ea.widgets.PostGrid -->
