<?xml version="1.0" encoding="UTF-8"?>
<!-- Generated by org.testng.reporters.JUnitReportReporter -->
<testsuite skipped="0" hostname="WPDev-Laptop-Arif" name="com.wpdev.ea.widgets.Testimonials" tests="1" failures="0" timestamp="2021-01-19T17:02:34 BDT" time="34.954" errors="0">
  <testcase name="Testimonials" time="34.954" classname="com.wpdev.ea.widgets.Testimonials"/>
  <system-out/>
</testsuite> <!-- com.wpdev.ea.widgets.Testimonials -->
