<?xml version="1.0" encoding="UTF-8"?>
<!-- Generated by org.testng.reporters.JUnitReportReporter -->
<testsuite skipped="0" hostname="WPDev-Laptop-Arif" name="com.wpdev.ea.widgets.EventCalender" tests="1" failures="0" timestamp="2021-01-19T16:30:19 BDT" time="37.009" errors="0">
  <testcase name="EventCalender" time="37.009" classname="com.wpdev.ea.widgets.EventCalender"/>
  <system-out/>
</testsuite> <!-- com.wpdev.ea.widgets.EventCalender -->
