<?xml version="1.0" encoding="UTF-8"?>
<!-- Generated by org.testng.reporters.JUnitReportReporter -->
<testsuite skipped="0" hostname="WPDev-Laptop-Arif" name="com.wpdev.ea.widgets.PricingTable" tests="1" failures="0" timestamp="2021-01-18T14:04:15 BDT" time="37.817" errors="0">
  <testcase name="PricingTable" time="37.817" classname="com.wpdev.ea.widgets.PricingTable"/>
  <system-out/>
</testsuite> <!-- com.wpdev.ea.widgets.PricingTable -->
