<?xml version="1.0" encoding="UTF-8"?>
<!-- Generated by org.testng.reporters.JUnitReportReporter -->
<testsuite skipped="0" hostname="WPDev-Laptop-Arif" name="com.wpdev.ea.widgets.DataTable" tests="1" failures="0" timestamp="2020-10-28T09:32:27 BDT" time="47.066" errors="0">
  <testcase name="DataTable" time="47.066" classname="com.wpdev.ea.widgets.DataTable"/>
  <system-out/>
</testsuite> <!-- com.wpdev.ea.widgets.DataTable -->
