<?xml version="1.0" encoding="UTF-8"?>
<!-- Generated by org.testng.reporters.JUnitReportReporter -->
<testsuite skipped="0" hostname="WPDev-Laptop-Arif" name="com.wpdev.ea.widgets.PriceMenu" tests="1" failures="0" timestamp="2021-01-18T14:02:19 BDT" time="38.160" errors="0">
  <testcase name="PriceMenu" time="38.160" classname="com.wpdev.ea.widgets.PriceMenu"/>
  <system-out/>
</testsuite> <!-- com.wpdev.ea.widgets.PriceMenu -->
