<?xml version="1.0" encoding="UTF-8"?>
<!-- Generated by org.testng.reporters.JUnitReportReporter -->
<testsuite skipped="0" hostname="WPDev-Laptop-Arif" name="com.wpdev.ea.widgets.AdvancedTabs" tests="1" failures="0" timestamp="2021-01-18T07:59:13 BDT" time="40.797" errors="0">
  <testcase name="AdvancedTabs" time="40.797" classname="com.wpdev.ea.widgets.AdvancedTabs"/>
  <system-out/>
</testsuite> <!-- com.wpdev.ea.widgets.AdvancedTabs -->
