<?xml version="1.0" encoding="UTF-8"?>
<!-- Generated by org.testng.reporters.JUnitReportReporter -->
<testsuite hostname="DESKTOP-SAK4NET" failures="0" tests="1" name="com.wpdev.ea.widgets.CreativeButtons" time="35.730" errors="0" timestamp="2021-02-03T18:45:10 BDT" skipped="0">
  <testcase classname="com.wpdev.ea.widgets.CreativeButtons" name="CreativeButtons" time="35.730"/>
  <system-out/>
</testsuite> <!-- com.wpdev.ea.widgets.CreativeButtons -->
